# JRE version: Java(TM) SE Runtime Environment (8.0_181-b13) (build 1.8.0_181-b13)
# Java VM: Java HotSpot(TM) 64-Bit Server VM (25.181-b13 mixed mode windows-amd64 compressed oops)
Heap:
 PSYoungGen      total 37888K, used 32056K [0x00000000d6200000, 0x00000000dac00000, 0x0000000100000000)
  eden space 32768K, 97% used [0x00000000d6200000,0x00000000d814e290,0x00000000d8200000)
  from space 5120K, 0% used [0x00000000d8200000,0x00000000d8200000,0x00000000d8700000)
  to   space 5120K, 0% used [0x00000000da700000,0x00000000da700000,0x00000000dac00000)
 ParOldGen       total 206848K, used 206237K [0x0000000082600000, 0x000000008f000000, 0x00000000d6200000)
  object space 206848K, 99% used [0x0000000082600000,0x000000008ef674a0,0x000000008f000000)
 Metaspace       used 13037K, capacity 13606K, committed 13824K, reserved 1060864K
  class space    used 1792K, capacity 1992K, committed 2048K, reserved 1048576K
GC Heap History (10 events):
Event: 21.572 GC heap before
{Heap before GC invocations=256 (full 253):
 PSYoungGen      total 37888K, used 32036K [0x00000000d6200000, 0x00000000dac00000, 0x0000000100000000)
  eden space 32768K, 97% used [0x00000000d6200000,0x00000000d81491a8,0x00000000d8200000)
  from space 5120K, 0% used [0x00000000d8200000,0x00000000d8200000,0x00000000d8700000)
  to   space 5120K, 0% used [0x00000000da700000,0x00000000da700000,0x00000000dac00000)
 ParOldGen       total 206848K, used 206237K [0x0000000082600000, 0x000000008f000000, 0x00000000d6200000)
  object space 206848K, 99% used [0x0000000082600000,0x000000008ef674a0,0x000000008f000000)
 Metaspace       used 13037K, capacity 13606K, committed 13824K, reserved 1060864K
  class space    used 1792K, capacity 1992K, committed 2048K, reserved 1048576K
Event: 21.596 GC heap after
Heap after GC invocations=256 (full 253):
 PSYoungGen      total 37888K, used 32036K [0x00000000d6200000, 0x00000000dac00000, 0x0000000100000000)
  eden space 32768K, 97% used [0x00000000d6200000,0x00000000d81491a8,0x00000000d8200000)
  from space 5120K, 0% used [0x00000000d8200000,0x00000000d8200000,0x00000000d8700000)
  to   space 5120K, 0% used [0x00000000da700000,0x00000000da700000,0x00000000dac00000)
 ParOldGen       total 206848K, used 206237K [0x0000000082600000, 0x000000008f000000, 0x00000000d6200000)
  object space 206848K, 99% used [0x0000000082600000,0x000000008ef674a0,0x000000008f000000)
 Metaspace       used 13037K, capacity 13606K, committed 13824K, reserved 1060864K
  class space    used 1792K, capacity 1992K, committed 2048K, reserved 1048576K
}
Event: 21.617 GC heap before
{Heap before GC invocations=257 (full 254):
 PSYoungGen      total 37888K, used 32056K [0x00000000d6200000, 0x00000000dac00000, 0x0000000100000000)
  eden space 32768K, 97% used [0x00000000d6200000,0x00000000d814e290,0x00000000d8200000)
  from space 5120K, 0% used [0x00000000d8200000,0x00000000d8200000,0x00000000d8700000)
  to   space 5120K, 0% used [0x00000000da700000,0x00000000da700000,0x00000000dac00000)
 ParOldGen       total 206848K, used 206237K [0x0000000082600000, 0x000000008f000000, 0x00000000d6200000)
  object space 206848K, 99% used [0x0000000082600000,0x000000008ef674a0,0x000000008f000000)
 Metaspace       used 13037K, capacity 13606K, committed 13824K, reserved 1060864K
  class space    used 1792K, capacity 1992K, committed 2048K, reserved 1048576K
Event: 21.646 GC heap after
Heap after GC invocations=257 (full 254):
 PSYoungGen      total 37888K, used 32036K [0x00000000d6200000, 0x00000000dac00000, 0x0000000100000000)
  eden space 32768K, 97% used [0x00000000d6200000,0x00000000d81491a8,0x00000000d8200000)
  from space 5120K, 0% used [0x00000000d8200000,0x00000000d8200000,0x00000000d8700000)
  to   space 5120K, 0% used [0x00000000da700000,0x00000000da700000,0x00000000dac00000)
 ParOldGen       total 206848K, used 206237K [0x0000000082600000, 0x000000008f000000, 0x00000000d6200000)
  object space 206848K, 99% used [0x0000000082600000,0x000000008ef674a0,0x000000008f000000)
 Metaspace       used 13037K, capacity 13606K, committed 13824K, reserved 1060864K
  class space    used 1792K, capacity 1992K, committed 2048K, reserved 1048576K
}
Event: 21.646 GC heap before
{Heap before GC invocations=258 (full 255):
 PSYoungGen      total 37888K, used 32036K [0x00000000d6200000, 0x00000000dac00000, 0x0000000100000000)
  eden space 32768K, 97% used [0x00000000d6200000,0x00000000d81491a8,0x00000000d8200000)
  from space 5120K, 0% used [0x00000000d8200000,0x00000000d8200000,0x00000000d8700000)
  to   space 5120K, 0% used [0x00000000da700000,0x00000000da700000,0x00000000dac00000)
 ParOldGen       total 206848K, used 206237K [0x0000000082600000, 0x000000008f000000, 0x00000000d6200000)
  object space 206848K, 99% used [0x0000000082600000,0x000000008ef674a0,0x000000008f000000)
 Metaspace       used 13037K, capacity 13606K, committed 13824K, reserved 1060864K
  class space    used 1792K, capacity 1992K, committed 2048K, reserved 1048576K
Event: 21.675 GC heap after
Heap after GC invocations=258 (full 255):
 PSYoungGen      total 37888K, used 32036K [0x00000000d6200000, 0x00000000dac00000, 0x0000000100000000)
  eden space 32768K, 97% used [0x00000000d6200000,0x00000000d81491a8,0x00000000d8200000)
  from space 5120K, 0% used [0x00000000d8200000,0x00000000d8200000,0x00000000d8700000)
  to   space 5120K, 0% used [0x00000000da700000,0x00000000da700000,0x00000000dac00000)
 ParOldGen       total 206848K, used 206237K [0x0000000082600000, 0x000000008f000000, 0x00000000d6200000)
  object space 206848K, 99% used [0x0000000082600000,0x000000008ef674a0,0x000000008f000000)
 Metaspace       used 13037K, capacity 13606K, committed 13824K, reserved 1060864K
  class space    used 1792K, capacity 1992K, committed 2048K, reserved 1048576K
}
Event: 21.694 GC heap before
{Heap before GC invocations=259 (full 256):
 PSYoungGen      total 37888K, used 32056K [0x00000000d6200000, 0x00000000dac00000, 0x0000000100000000)
  eden space 32768K, 97% used [0x00000000d6200000,0x00000000d814e290,0x00000000d8200000)
  from space 5120K, 0% used [0x00000000d8200000,0x00000000d8200000,0x00000000d8700000)
  to   space 5120K, 0% used [0x00000000da700000,0x00000000da700000,0x00000000dac00000)
 ParOldGen       total 206848K, used 206237K [0x0000000082600000, 0x000000008f000000, 0x00000000d6200000)
  object space 206848K, 99% used [0x0000000082600000,0x000000008ef674a0,0x000000008f000000)
 Metaspace       used 13037K, capacity 13606K, committed 13824K, reserved 1060864K
  class space    used 1792K, capacity 1992K, committed 2048K, reserved 1048576K
Event: 21.715 GC heap after
Heap after GC invocations=259 (full 256):
 PSYoungGen      total 37888K, used 32036K [0x00000000d6200000, 0x00000000dac00000, 0x0000000100000000)
  eden space 32768K, 97% used [0x00000000d6200000,0x00000000d81491a8,0x00000000d8200000)
  from space 5120K, 0% used [0x00000000d8200000,0x00000000d8200000,0x00000000d8700000)
  to   space 5120K, 0% used [0x00000000da700000,0x00000000da700000,0x00000000dac00000)
 ParOldGen       total 206848K, used 206237K [0x0000000082600000, 0x000000008f000000, 0x00000000d6200000)
  object space 206848K, 99% used [0x0000000082600000,0x000000008ef674a0,0x000000008f000000)
 Metaspace       used 13037K, capacity 13606K, committed 13824K, reserved 1060864K
  class space    used 1792K, capacity 1992K, committed 2048K, reserved 1048576K
}
Event: 21.715 GC heap before
{Heap before GC invocations=260 (full 257):
 PSYoungGen      total 37888K, used 32036K [0x00000000d6200000, 0x00000000dac00000, 0x0000000100000000)
  eden space 32768K, 97% used [0x00000000d6200000,0x00000000d81491a8,0x00000000d8200000)
  from space 5120K, 0% used [0x00000000d8200000,0x00000000d8200000,0x00000000d8700000)
  to   space 5120K, 0% used [0x00000000da700000,0x00000000da700000,0x00000000dac00000)
 ParOldGen       total 206848K, used 206237K [0x0000000082600000, 0x000000008f000000, 0x00000000d6200000)
  object space 206848K, 99% used [0x0000000082600000,0x000000008ef674a0,0x000000008f000000)
 Metaspace       used 13037K, capacity 13606K, committed 13824K, reserved 1060864K
  class space    used 1792K, capacity 1992K, committed 2048K, reserved 1048576K
Event: 21.755 GC heap after
Heap after GC invocations=260 (full 257):
 PSYoungGen      total 37888K, used 32036K [0x00000000d6200000, 0x00000000dac00000, 0x0000000100000000)
  eden space 32768K, 97% used [0x00000000d6200000,0x00000000d81491a8,0x00000000d8200000)
  from space 5120K, 0% used [0x00000000d8200000,0x00000000d8200000,0x00000000d8700000)
  to   space 5120K, 0% used [0x00000000da700000,0x00000000da700000,0x00000000dac00000)
 ParOldGen       total 206848K, used 206237K [0x0000000082600000, 0x000000008f000000, 0x00000000d6200000)
  object space 206848K, 99% used [0x0000000082600000,0x000000008ef674a0,0x000000008f000000)
 Metaspace       used 13037K, capacity 13606K, committed 13824K, reserved 1060864K
  class space    used 1792K, capacity 1992K, committed 2048K, reserved 1048576K
}

