# JRE version: Java(TM) SE Runtime Environment (8.0_181-b13) (build 1.8.0_181-b13)
# Java VM: Java HotSpot(TM) 64-Bit Server VM (25.181-b13 mixed mode windows-amd64 compressed oops)
Heap:
 PSYoungGen      total 238080K, used 231449K [0x00000000d6200000, 0x00000000ec380000, 0x0000000100000000)
  eden space 156160K, 99% used [0x00000000d6200000,0x00000000dfa4caf0,0x00000000dfa80000)
  from space 81920K, 92% used [0x00000000e5800000,0x00000000ea1b9aa8,0x00000000ea800000)
  to   space 95744K, 0% used [0x00000000dfa80000,0x00000000dfa80000,0x00000000e5800000)
 ParOldGen       total 538624K, used 538584K [0x0000000082600000, 0x00000000a3400000, 0x00000000d6200000)
  object space 538624K, 99% used [0x0000000082600000,0x00000000a33f6360,0x00000000a3400000)
 Metaspace       used 13545K, capacity 14164K, committed 14464K, reserved 1060864K
  class space    used 1841K, capacity 2043K, committed 2176K, reserved 1048576K
GC Heap History (10 events):
Event: 38.660 GC heap before
{Heap before GC invocations=96 (full 85):
 PSYoungGen      total 238080K, used 231429K [0x00000000d6200000, 0x00000000ec380000, 0x0000000100000000)
  eden space 156160K, 99% used [0x00000000d6200000,0x00000000dfa479f8,0x00000000dfa80000)
  from space 81920K, 92% used [0x00000000e5800000,0x00000000ea1b9aa8,0x00000000ea800000)
  to   space 95744K, 0% used [0x00000000dfa80000,0x00000000dfa80000,0x00000000e5800000)
 ParOldGen       total 538624K, used 538584K [0x0000000082600000, 0x00000000a3400000, 0x00000000d6200000)
  object space 538624K, 99% used [0x0000000082600000,0x00000000a33f6360,0x00000000a3400000)
 Metaspace       used 13545K, capacity 14164K, committed 14464K, reserved 1060864K
  class space    used 1841K, capacity 2043K, committed 2176K, reserved 1048576K
Event: 38.711 GC heap after
Heap after GC invocations=96 (full 85):
 PSYoungGen      total 238080K, used 231429K [0x00000000d6200000, 0x00000000ec380000, 0x0000000100000000)
  eden space 156160K, 99% used [0x00000000d6200000,0x00000000dfa479f8,0x00000000dfa80000)
  from space 81920K, 92% used [0x00000000e5800000,0x00000000ea1b9aa8,0x00000000ea800000)
  to   space 95744K, 0% used [0x00000000dfa80000,0x00000000dfa80000,0x00000000e5800000)
 ParOldGen       total 538624K, used 538584K [0x0000000082600000, 0x00000000a3400000, 0x00000000d6200000)
  object space 538624K, 99% used [0x0000000082600000,0x00000000a33f6360,0x00000000a3400000)
 Metaspace       used 13545K, capacity 14164K, committed 14464K, reserved 1060864K
  class space    used 1841K, capacity 2043K, committed 2176K, reserved 1048576K
}
Event: 38.730 GC heap before
{Heap before GC invocations=97 (full 86):
 PSYoungGen      total 238080K, used 231449K [0x00000000d6200000, 0x00000000ec380000, 0x0000000100000000)
  eden space 156160K, 99% used [0x00000000d6200000,0x00000000dfa4caf0,0x00000000dfa80000)
  from space 81920K, 92% used [0x00000000e5800000,0x00000000ea1b9aa8,0x00000000ea800000)
  to   space 95744K, 0% used [0x00000000dfa80000,0x00000000dfa80000,0x00000000e5800000)
 ParOldGen       total 538624K, used 538584K [0x0000000082600000, 0x00000000a3400000, 0x00000000d6200000)
  object space 538624K, 99% used [0x0000000082600000,0x00000000a33f6360,0x00000000a3400000)
 Metaspace       used 13545K, capacity 14164K, committed 14464K, reserved 1060864K
  class space    used 1841K, capacity 2043K, committed 2176K, reserved 1048576K
Event: 38.761 GC heap after
Heap after GC invocations=97 (full 86):
 PSYoungGen      total 238080K, used 231429K [0x00000000d6200000, 0x00000000ec380000, 0x0000000100000000)
  eden space 156160K, 99% used [0x00000000d6200000,0x00000000dfa479f8,0x00000000dfa80000)
  from space 81920K, 92% used [0x00000000e5800000,0x00000000ea1b9aa8,0x00000000ea800000)
  to   space 95744K, 0% used [0x00000000dfa80000,0x00000000dfa80000,0x00000000e5800000)
 ParOldGen       total 538624K, used 538584K [0x0000000082600000, 0x00000000a3400000, 0x00000000d6200000)
  object space 538624K, 99% used [0x0000000082600000,0x00000000a33f6360,0x00000000a3400000)
 Metaspace       used 13545K, capacity 14164K, committed 14464K, reserved 1060864K
  class space    used 1841K, capacity 2043K, committed 2176K, reserved 1048576K
}
Event: 38.761 GC heap before
{Heap before GC invocations=98 (full 87):
 PSYoungGen      total 238080K, used 231429K [0x00000000d6200000, 0x00000000ec380000, 0x0000000100000000)
  eden space 156160K, 99% used [0x00000000d6200000,0x00000000dfa479f8,0x00000000dfa80000)
  from space 81920K, 92% used [0x00000000e5800000,0x00000000ea1b9aa8,0x00000000ea800000)
  to   space 95744K, 0% used [0x00000000dfa80000,0x00000000dfa80000,0x00000000e5800000)
 ParOldGen       total 538624K, used 538584K [0x0000000082600000, 0x00000000a3400000, 0x00000000d6200000)
  object space 538624K, 99% used [0x0000000082600000,0x00000000a33f6360,0x00000000a3400000)
 Metaspace       used 13545K, capacity 14164K, committed 14464K, reserved 1060864K
  class space    used 1841K, capacity 2043K, committed 2176K, reserved 1048576K
Event: 38.804 GC heap after
Heap after GC invocations=98 (full 87):
 PSYoungGen      total 238080K, used 231429K [0x00000000d6200000, 0x00000000ec380000, 0x0000000100000000)
  eden space 156160K, 99% used [0x00000000d6200000,0x00000000dfa479f8,0x00000000dfa80000)
  from space 81920K, 92% used [0x00000000e5800000,0x00000000ea1b9aa8,0x00000000ea800000)
  to   space 95744K, 0% used [0x00000000dfa80000,0x00000000dfa80000,0x00000000e5800000)
 ParOldGen       total 538624K, used 538584K [0x0000000082600000, 0x00000000a3400000, 0x00000000d6200000)
  object space 538624K, 99% used [0x0000000082600000,0x00000000a33f6360,0x00000000a3400000)
 Metaspace       used 13545K, capacity 14164K, committed 14464K, reserved 1060864K
  class space    used 1841K, capacity 2043K, committed 2176K, reserved 1048576K
}
Event: 38.826 GC heap before
{Heap before GC invocations=99 (full 88):
 PSYoungGen      total 238080K, used 231449K [0x00000000d6200000, 0x00000000ec380000, 0x0000000100000000)
  eden space 156160K, 99% used [0x00000000d6200000,0x00000000dfa4caf0,0x00000000dfa80000)
  from space 81920K, 92% used [0x00000000e5800000,0x00000000ea1b9aa8,0x00000000ea800000)
  to   space 95744K, 0% used [0x00000000dfa80000,0x00000000dfa80000,0x00000000e5800000)
 ParOldGen       total 538624K, used 538584K [0x0000000082600000, 0x00000000a3400000, 0x00000000d6200000)
  object space 538624K, 99% used [0x0000000082600000,0x00000000a33f6360,0x00000000a3400000)
 Metaspace       used 13545K, capacity 14164K, committed 14464K, reserved 1060864K
  class space    used 1841K, capacity 2043K, committed 2176K, reserved 1048576K
Event: 38.891 GC heap after
Heap after GC invocations=99 (full 88):
 PSYoungGen      total 238080K, used 231429K [0x00000000d6200000, 0x00000000ec380000, 0x0000000100000000)
  eden space 156160K, 99% used [0x00000000d6200000,0x00000000dfa479f8,0x00000000dfa80000)
  from space 81920K, 92% used [0x00000000e5800000,0x00000000ea1b9aa8,0x00000000ea800000)
  to   space 95744K, 0% used [0x00000000dfa80000,0x00000000dfa80000,0x00000000e5800000)
 ParOldGen       total 538624K, used 538584K [0x0000000082600000, 0x00000000a3400000, 0x00000000d6200000)
  object space 538624K, 99% used [0x0000000082600000,0x00000000a33f6360,0x00000000a3400000)
 Metaspace       used 13545K, capacity 14164K, committed 14464K, reserved 1060864K
  class space    used 1841K, capacity 2043K, committed 2176K, reserved 1048576K
}
Event: 38.891 GC heap before
{Heap before GC invocations=100 (full 89):
 PSYoungGen      total 238080K, used 231429K [0x00000000d6200000, 0x00000000ec380000, 0x0000000100000000)
  eden space 156160K, 99% used [0x00000000d6200000,0x00000000dfa479f8,0x00000000dfa80000)
  from space 81920K, 92% used [0x00000000e5800000,0x00000000ea1b9aa8,0x00000000ea800000)
  to   space 95744K, 0% used [0x00000000dfa80000,0x00000000dfa80000,0x00000000e5800000)
 ParOldGen       total 538624K, used 538584K [0x0000000082600000, 0x00000000a3400000, 0x00000000d6200000)
  object space 538624K, 99% used [0x0000000082600000,0x00000000a33f6360,0x00000000a3400000)
 Metaspace       used 13545K, capacity 14164K, committed 14464K, reserved 1060864K
  class space    used 1841K, capacity 2043K, committed 2176K, reserved 1048576K
Event: 38.946 GC heap after
Heap after GC invocations=100 (full 89):
 PSYoungGen      total 238080K, used 231429K [0x00000000d6200000, 0x00000000ec380000, 0x0000000100000000)
  eden space 156160K, 99% used [0x00000000d6200000,0x00000000dfa479f8,0x00000000dfa80000)
  from space 81920K, 92% used [0x00000000e5800000,0x00000000ea1b9aa8,0x00000000ea800000)
  to   space 95744K, 0% used [0x00000000dfa80000,0x00000000dfa80000,0x00000000e5800000)
 ParOldGen       total 538624K, used 538584K [0x0000000082600000, 0x00000000a3400000, 0x00000000d6200000)
  object space 538624K, 99% used [0x0000000082600000,0x00000000a33f6360,0x00000000a3400000)
 Metaspace       used 13545K, capacity 14164K, committed 14464K, reserved 1060864K
  class space    used 1841K, capacity 2043K, committed 2176K, reserved 1048576K
}

