# JRE version: Java(TM) SE Runtime Environment (8.0_181-b13) (build 1.8.0_181-b13)
# Java VM: Java HotSpot(TM) 64-Bit Server VM (25.181-b13 mixed mode windows-amd64 compressed oops)
Heap:
 PSYoungGen      total 37888K, used 32048K [0x00000000d6200000, 0x00000000dac00000, 0x0000000100000000)
  eden space 32768K, 97% used [0x00000000d6200000,0x00000000d814c1e8,0x00000000d8200000)
  from space 5120K, 0% used [0x00000000d8200000,0x00000000d8200000,0x00000000d8700000)
  to   space 5120K, 0% used [0x00000000da700000,0x00000000da700000,0x00000000dac00000)
 ParOldGen       total 207872K, used 207870K [0x0000000082600000, 0x000000008f100000, 0x00000000d6200000)
  object space 207872K, 99% used [0x0000000082600000,0x000000008f0ffa30,0x000000008f100000)
 Metaspace       used 13112K, capacity 13674K, committed 13824K, reserved 1060864K
  class space    used 1791K, capacity 1992K, committed 2048K, reserved 1048576K
GC Heap History (10 events):
Event: 21.536 GC heap before
{Heap before GC invocations=252 (full 249):
 PSYoungGen      total 37888K, used 32046K [0x00000000d6200000, 0x00000000dac00000, 0x0000000100000000)
  eden space 32768K, 97% used [0x00000000d6200000,0x00000000d814b9d8,0x00000000d8200000)
  from space 5120K, 0% used [0x00000000d8200000,0x00000000d8200000,0x00000000d8700000)
  to   space 5120K, 0% used [0x00000000da700000,0x00000000da700000,0x00000000dac00000)
 ParOldGen       total 207872K, used 207870K [0x0000000082600000, 0x000000008f100000, 0x00000000d6200000)
  object space 207872K, 99% used [0x0000000082600000,0x000000008f0ffa30,0x000000008f100000)
 Metaspace       used 13112K, capacity 13674K, committed 13824K, reserved 1060864K
  class space    used 1791K, capacity 1992K, committed 2048K, reserved 1048576K
Event: 21.571 GC heap after
Heap after GC invocations=252 (full 249):
 PSYoungGen      total 37888K, used 32046K [0x00000000d6200000, 0x00000000dac00000, 0x0000000100000000)
  eden space 32768K, 97% used [0x00000000d6200000,0x00000000d814b9d8,0x00000000d8200000)
  from space 5120K, 0% used [0x00000000d8200000,0x00000000d8200000,0x00000000d8700000)
  to   space 5120K, 0% used [0x00000000da700000,0x00000000da700000,0x00000000dac00000)
 ParOldGen       total 207872K, used 207870K [0x0000000082600000, 0x000000008f100000, 0x00000000d6200000)
  object space 207872K, 99% used [0x0000000082600000,0x000000008f0ffa30,0x000000008f100000)
 Metaspace       used 13112K, capacity 13674K, committed 13824K, reserved 1060864K
  class space    used 1791K, capacity 1992K, committed 2048K, reserved 1048576K
}
Event: 21.592 GC heap before
{Heap before GC invocations=253 (full 250):
 PSYoungGen      total 37888K, used 32066K [0x00000000d6200000, 0x00000000dac00000, 0x0000000100000000)
  eden space 32768K, 97% used [0x00000000d6200000,0x00000000d8150ac0,0x00000000d8200000)
  from space 5120K, 0% used [0x00000000d8200000,0x00000000d8200000,0x00000000d8700000)
  to   space 5120K, 0% used [0x00000000da700000,0x00000000da700000,0x00000000dac00000)
 ParOldGen       total 207872K, used 207870K [0x0000000082600000, 0x000000008f100000, 0x00000000d6200000)
  object space 207872K, 99% used [0x0000000082600000,0x000000008f0ffa30,0x000000008f100000)
 Metaspace       used 13112K, capacity 13674K, committed 13824K, reserved 1060864K
  class space    used 1791K, capacity 1992K, committed 2048K, reserved 1048576K
Event: 21.626 GC heap after
Heap after GC invocations=253 (full 250):
 PSYoungGen      total 37888K, used 32046K [0x00000000d6200000, 0x00000000dac00000, 0x0000000100000000)
  eden space 32768K, 97% used [0x00000000d6200000,0x00000000d814b9d8,0x00000000d8200000)
  from space 5120K, 0% used [0x00000000d8200000,0x00000000d8200000,0x00000000d8700000)
  to   space 5120K, 0% used [0x00000000da700000,0x00000000da700000,0x00000000dac00000)
 ParOldGen       total 207872K, used 207870K [0x0000000082600000, 0x000000008f100000, 0x00000000d6200000)
  object space 207872K, 99% used [0x0000000082600000,0x000000008f0ffa30,0x000000008f100000)
 Metaspace       used 13112K, capacity 13674K, committed 13824K, reserved 1060864K
  class space    used 1791K, capacity 1992K, committed 2048K, reserved 1048576K
}
Event: 21.626 GC heap before
{Heap before GC invocations=254 (full 251):
 PSYoungGen      total 37888K, used 32046K [0x00000000d6200000, 0x00000000dac00000, 0x0000000100000000)
  eden space 32768K, 97% used [0x00000000d6200000,0x00000000d814b9d8,0x00000000d8200000)
  from space 5120K, 0% used [0x00000000d8200000,0x00000000d8200000,0x00000000d8700000)
  to   space 5120K, 0% used [0x00000000da700000,0x00000000da700000,0x00000000dac00000)
 ParOldGen       total 207872K, used 207870K [0x0000000082600000, 0x000000008f100000, 0x00000000d6200000)
  object space 207872K, 99% used [0x0000000082600000,0x000000008f0ffa30,0x000000008f100000)
 Metaspace       used 13112K, capacity 13674K, committed 13824K, reserved 1060864K
  class space    used 1791K, capacity 1992K, committed 2048K, reserved 1048576K
Event: 21.659 GC heap after
Heap after GC invocations=254 (full 251):
 PSYoungGen      total 37888K, used 32046K [0x00000000d6200000, 0x00000000dac00000, 0x0000000100000000)
  eden space 32768K, 97% used [0x00000000d6200000,0x00000000d814b9d8,0x00000000d8200000)
  from space 5120K, 0% used [0x00000000d8200000,0x00000000d8200000,0x00000000d8700000)
  to   space 5120K, 0% used [0x00000000da700000,0x00000000da700000,0x00000000dac00000)
 ParOldGen       total 207872K, used 207870K [0x0000000082600000, 0x000000008f100000, 0x00000000d6200000)
  object space 207872K, 99% used [0x0000000082600000,0x000000008f0ffa30,0x000000008f100000)
 Metaspace       used 13112K, capacity 13674K, committed 13824K, reserved 1060864K
  class space    used 1791K, capacity 1992K, committed 2048K, reserved 1048576K
}
Event: 21.690 GC heap before
{Heap before GC invocations=255 (full 252):
 PSYoungGen      total 37888K, used 32066K [0x00000000d6200000, 0x00000000dac00000, 0x0000000100000000)
  eden space 32768K, 97% used [0x00000000d6200000,0x00000000d8150ac0,0x00000000d8200000)
  from space 5120K, 0% used [0x00000000d8200000,0x00000000d8200000,0x00000000d8700000)
  to   space 5120K, 0% used [0x00000000da700000,0x00000000da700000,0x00000000dac00000)
 ParOldGen       total 207872K, used 207870K [0x0000000082600000, 0x000000008f100000, 0x00000000d6200000)
  object space 207872K, 99% used [0x0000000082600000,0x000000008f0ffa30,0x000000008f100000)
 Metaspace       used 13112K, capacity 13674K, committed 13824K, reserved 1060864K
  class space    used 1791K, capacity 1992K, committed 2048K, reserved 1048576K
Event: 21.725 GC heap after
Heap after GC invocations=255 (full 252):
 PSYoungGen      total 37888K, used 32046K [0x00000000d6200000, 0x00000000dac00000, 0x0000000100000000)
  eden space 32768K, 97% used [0x00000000d6200000,0x00000000d814b9d8,0x00000000d8200000)
  from space 5120K, 0% used [0x00000000d8200000,0x00000000d8200000,0x00000000d8700000)
  to   space 5120K, 0% used [0x00000000da700000,0x00000000da700000,0x00000000dac00000)
 ParOldGen       total 207872K, used 207870K [0x0000000082600000, 0x000000008f100000, 0x00000000d6200000)
  object space 207872K, 99% used [0x0000000082600000,0x000000008f0ffa30,0x000000008f100000)
 Metaspace       used 13112K, capacity 13674K, committed 13824K, reserved 1060864K
  class space    used 1791K, capacity 1992K, committed 2048K, reserved 1048576K
}
Event: 21.725 GC heap before
{Heap before GC invocations=256 (full 253):
 PSYoungGen      total 37888K, used 32046K [0x00000000d6200000, 0x00000000dac00000, 0x0000000100000000)
  eden space 32768K, 97% used [0x00000000d6200000,0x00000000d814b9d8,0x00000000d8200000)
  from space 5120K, 0% used [0x00000000d8200000,0x00000000d8200000,0x00000000d8700000)
  to   space 5120K, 0% used [0x00000000da700000,0x00000000da700000,0x00000000dac00000)
 ParOldGen       total 207872K, used 207870K [0x0000000082600000, 0x000000008f100000, 0x00000000d6200000)
  object space 207872K, 99% used [0x0000000082600000,0x000000008f0ffa30,0x000000008f100000)
 Metaspace       used 13112K, capacity 13674K, committed 13824K, reserved 1060864K
  class space    used 1791K, capacity 1992K, committed 2048K, reserved 1048576K
Event: 21.747 GC heap after
Heap after GC invocations=256 (full 253):
 PSYoungGen      total 37888K, used 32046K [0x00000000d6200000, 0x00000000dac00000, 0x0000000100000000)
  eden space 32768K, 97% used [0x00000000d6200000,0x00000000d814b9d8,0x00000000d8200000)
  from space 5120K, 0% used [0x00000000d8200000,0x00000000d8200000,0x00000000d8700000)
  to   space 5120K, 0% used [0x00000000da700000,0x00000000da700000,0x00000000dac00000)
 ParOldGen       total 207872K, used 207870K [0x0000000082600000, 0x000000008f100000, 0x00000000d6200000)
  object space 207872K, 99% used [0x0000000082600000,0x000000008f0ffa30,0x000000008f100000)
 Metaspace       used 13112K, capacity 13674K, committed 13824K, reserved 1060864K
  class space    used 1791K, capacity 1992K, committed 2048K, reserved 1048576K
}

