# JRE version: Java(TM) SE Runtime Environment (8.0_181-b13) (build 1.8.0_181-b13)
# Java VM: Java HotSpot(TM) 64-Bit Server VM (25.181-b13 mixed mode windows-amd64 compressed oops)
Heap:
 PSYoungGen      total 37888K, used 10215K [0x00000000d6200000, 0x00000000dac00000, 0x0000000100000000)
  eden space 32768K, 31% used [0x00000000d6200000,0x00000000d6bf9fe0,0x00000000d8200000)
  from space 5120K, 0% used [0x00000000d8200000,0x00000000d8200000,0x00000000d8700000)
  to   space 5120K, 0% used [0x00000000da700000,0x00000000da700000,0x00000000dac00000)
 ParOldGen       total 86016K, used 70395K [0x0000000082600000, 0x0000000087a00000, 0x00000000d6200000)
  object space 86016K, 81% used [0x0000000082600000,0x0000000086abefd8,0x0000000087a00000)
 Metaspace       used 12846K, capacity 13438K, committed 13568K, reserved 1060864K
  class space    used 1787K, capacity 1988K, committed 2048K, reserved 1048576K
GC Heap History (8 events):
Event: 3.897 GC heap before
{Heap before GC invocations=1 (full 0):
 PSYoungGen      total 37888K, used 32474K [0x00000000d6200000, 0x00000000d8c00000, 0x0000000100000000)
  eden space 32768K, 99% used [0x00000000d6200000,0x00000000d81b6850,0x00000000d8200000)
  from space 5120K, 0% used [0x00000000d8700000,0x00000000d8700000,0x00000000d8c00000)
  to   space 5120K, 0% used [0x00000000d8200000,0x00000000d8200000,0x00000000d8700000)
 ParOldGen       total 86016K, used 0K [0x0000000082600000, 0x0000000087a00000, 0x00000000d6200000)
  object space 86016K, 0% used [0x0000000082600000,0x0000000082600000,0x0000000087a00000)
 Metaspace       used 10319K, capacity 10690K, committed 10880K, reserved 1058816K
  class space    used 1426K, capacity 1542K, committed 1664K, reserved 1048576K
Event: 3.921 GC heap after
Heap after GC invocations=1 (full 0):
 PSYoungGen      total 37888K, used 5105K [0x00000000d6200000, 0x00000000d8c00000, 0x0000000100000000)
  eden space 32768K, 0% used [0x00000000d6200000,0x00000000d6200000,0x00000000d8200000)
  from space 5120K, 99% used [0x00000000d8200000,0x00000000d86fc580,0x00000000d8700000)
  to   space 5120K, 0% used [0x00000000d8700000,0x00000000d8700000,0x00000000d8c00000)
 ParOldGen       total 86016K, used 9200K [0x0000000082600000, 0x0000000087a00000, 0x00000000d6200000)
  object space 86016K, 10% used [0x0000000082600000,0x0000000082efc128,0x0000000087a00000)
 Metaspace       used 10319K, capacity 10690K, committed 10880K, reserved 1058816K
  class space    used 1426K, capacity 1542K, committed 1664K, reserved 1048576K
}
Event: 4.582 GC heap before
{Heap before GC invocations=2 (full 0):
 PSYoungGen      total 37888K, used 37751K [0x00000000d6200000, 0x00000000d8c00000, 0x0000000100000000)
  eden space 32768K, 99% used [0x00000000d6200000,0x00000000d81e17a8,0x00000000d8200000)
  from space 5120K, 99% used [0x00000000d8200000,0x00000000d86fc580,0x00000000d8700000)
  to   space 5120K, 0% used [0x00000000d8700000,0x00000000d8700000,0x00000000d8c00000)
 ParOldGen       total 86016K, used 9200K [0x0000000082600000, 0x0000000087a00000, 0x00000000d6200000)
  object space 86016K, 10% used [0x0000000082600000,0x0000000082efc128,0x0000000087a00000)
 Metaspace       used 12610K, capacity 13126K, committed 13312K, reserved 1060864K
  class space    used 1771K, capacity 1954K, committed 2048K, reserved 1048576K
Event: 4.596 GC heap after
Heap after GC invocations=2 (full 0):
 PSYoungGen      total 37888K, used 5117K [0x00000000d6200000, 0x00000000dac00000, 0x0000000100000000)
  eden space 32768K, 0% used [0x00000000d6200000,0x00000000d6200000,0x00000000d8200000)
  from space 5120K, 99% used [0x00000000d8700000,0x00000000d8bff440,0x00000000d8c00000)
  to   space 5120K, 0% used [0x00000000d8200000,0x00000000d8200000,0x00000000d8700000)
 ParOldGen       total 86016K, used 37861K [0x0000000082600000, 0x0000000087a00000, 0x00000000d6200000)
  object space 86016K, 44% used [0x0000000082600000,0x0000000084af95e8,0x0000000087a00000)
 Metaspace       used 12610K, capacity 13126K, committed 13312K, reserved 1060864K
  class space    used 1771K, capacity 1954K, committed 2048K, reserved 1048576K
}
Event: 5.474 GC heap before
{Heap before GC invocations=3 (full 0):
 PSYoungGen      total 37888K, used 37077K [0x00000000d6200000, 0x00000000dac00000, 0x0000000100000000)
  eden space 32768K, 97% used [0x00000000d6200000,0x00000000d81361e8,0x00000000d8200000)
  from space 5120K, 99% used [0x00000000d8700000,0x00000000d8bff440,0x00000000d8c00000)
  to   space 5120K, 0% used [0x00000000d8200000,0x00000000d8200000,0x00000000d8700000)
 ParOldGen       total 86016K, used 37861K [0x0000000082600000, 0x0000000087a00000, 0x00000000d6200000)
  object space 86016K, 44% used [0x0000000082600000,0x0000000084af95e8,0x0000000087a00000)
 Metaspace       used 12831K, capacity 13430K, committed 13568K, reserved 1060864K
  class space    used 1787K, capacity 1988K, committed 2048K, reserved 1048576K
Event: 5.489 GC heap after
Heap after GC invocations=3 (full 0):
 PSYoungGen      total 37888K, used 5117K [0x00000000d6200000, 0x00000000dac00000, 0x0000000100000000)
  eden space 32768K, 0% used [0x00000000d6200000,0x00000000d6200000,0x00000000d8200000)
  from space 5120K, 99% used [0x00000000d8200000,0x00000000d86ff440,0x00000000d8700000)
  to   space 5120K, 0% used [0x00000000da700000,0x00000000da700000,0x00000000dac00000)
 ParOldGen       total 86016K, used 67497K [0x0000000082600000, 0x0000000087a00000, 0x00000000d6200000)
  object space 86016K, 78% used [0x0000000082600000,0x00000000867ea528,0x0000000087a00000)
 Metaspace       used 12831K, capacity 13430K, committed 13568K, reserved 1060864K
  class space    used 1787K, capacity 1988K, committed 2048K, reserved 1048576K
}
Event: 5.489 GC heap before
{Heap before GC invocations=4 (full 1):
 PSYoungGen      total 37888K, used 5117K [0x00000000d6200000, 0x00000000dac00000, 0x0000000100000000)
  eden space 32768K, 0% used [0x00000000d6200000,0x00000000d6200000,0x00000000d8200000)
  from space 5120K, 99% used [0x00000000d8200000,0x00000000d86ff440,0x00000000d8700000)
  to   space 5120K, 0% used [0x00000000da700000,0x00000000da700000,0x00000000dac00000)
 ParOldGen       total 86016K, used 67497K [0x0000000082600000, 0x0000000087a00000, 0x00000000d6200000)
  object space 86016K, 78% used [0x0000000082600000,0x00000000867ea528,0x0000000087a00000)
 Metaspace       used 12831K, capacity 13430K, committed 13568K, reserved 1060864K
  class space    used 1787K, capacity 1988K, committed 2048K, reserved 1048576K
Event: 5.536 GC heap after
Heap after GC invocations=4 (full 1):
 PSYoungGen      total 37888K, used 0K [0x00000000d6200000, 0x00000000dac00000, 0x0000000100000000)
  eden space 32768K, 0% used [0x00000000d6200000,0x00000000d6200000,0x00000000d8200000)
  from space 5120K, 0% used [0x00000000d8200000,0x00000000d8200000,0x00000000d8700000)
  to   space 5120K, 0% used [0x00000000da700000,0x00000000da700000,0x00000000dac00000)
 ParOldGen       total 86016K, used 70395K [0x0000000082600000, 0x0000000087a00000, 0x00000000d6200000)
  object space 86016K, 81% used [0x0000000082600000,0x0000000086abefd8,0x0000000087a00000)
 Metaspace       used 12831K, capacity 13430K, committed 13568K, reserved 1060864K
  class space    used 1787K, capacity 1988K, committed 2048K, reserved 1048576K
}

